DEB [20170705-22:14:56.704] thr=1   paramiko.transport: starting thread (client mode): 0x46aa330
DEB [20170705-22:14:56.706] thr=1   paramiko.transport: Local version/idstring: SSH-2.0-paramiko_2.2.1
DEB [20170705-22:14:56.726] thr=1   paramiko.transport: Remote version/idstring: SSH-2.0-OpenSSH_7.4p1 Ubuntu-10
INF [20170705-22:14:56.727] thr=1   paramiko.transport: Connected (version 2.0, client OpenSSH_7.4p1)
DEB [20170705-22:14:56.750] thr=1   paramiko.transport: kex algos:['curve25519-sha256', 'curve25519-sha256@libssh.org', 'ecdh-sha2-nistp256', 'ecdh-sha2-nistp384', 'ecdh-sha2-nistp521', 'diffie-hellman-group-exchange-sha256', 'diffie-hellman-group16-sha512', 'diffie-hellman-group18-sha512', 'diffie-hellman-group14-sha256', 'diffie-hellman-group14-sha1'] server key:['ssh-rsa', 'rsa-sha2-512', 'rsa-sha2-256', 'ecdsa-sha2-nistp256', 'ssh-ed25519'] client encrypt:['chacha20-poly1305@openssh.com', 'aes128-ctr', 'aes192-ctr', 'aes256-ctr', 'aes128-gcm@openssh.com', 'aes256-gcm@openssh.com'] server encrypt:['chacha20-poly1305@openssh.com', 'aes128-ctr', 'aes192-ctr', 'aes256-ctr', 'aes128-gcm@openssh.com', 'aes256-gcm@openssh.com'] client mac:['umac-64-etm@openssh.com', 'umac-128-etm@openssh.com', 'hmac-sha2-256-etm@openssh.com', 'hmac-sha2-512-etm@openssh.com', 'hmac-sha1-etm@openssh.com', 'umac-64@openssh.com', 'umac-128@openssh.com', 'hmac-sha2-256', 'hmac-sha2-512', 'hmac-sha1'] server mac:['umac-64-etm@openssh.com', 'umac-128-etm@openssh.com', 'hmac-sha2-256-etm@openssh.com', 'hmac-sha2-512-etm@openssh.com', 'hmac-sha1-etm@openssh.com', 'umac-64@openssh.com', 'umac-128@openssh.com', 'hmac-sha2-256', 'hmac-sha2-512', 'hmac-sha1'] client compress:['none', 'zlib@openssh.com'] server compress:['none', 'zlib@openssh.com'] client lang:[''] server lang:[''] kex follows?False
DEB [20170705-22:14:56.751] thr=1   paramiko.transport: Kex agreed: ecdh-sha2-nistp256
DEB [20170705-22:14:56.752] thr=1   paramiko.transport: HostKey agreed: ssh-ed25519
DEB [20170705-22:14:56.752] thr=1   paramiko.transport: Cipher agreed: aes128-ctr
DEB [20170705-22:14:56.753] thr=1   paramiko.transport: MAC agreed: hmac-sha2-256
DEB [20170705-22:14:56.753] thr=1   paramiko.transport: Compression agreed: none
DEB [20170705-22:14:56.792] thr=1   paramiko.transport: kex engine KexNistp256 specified hash_algo <built-in function openssl_sha256>
DEB [20170705-22:14:56.794] thr=1   paramiko.transport: Switch to new keys ...
DEB [20170705-22:14:56.796] thr=2   paramiko.transport: Attempting public-key auth...
DEB [20170705-22:14:56.877] thr=1   paramiko.transport: userauth is OK
INF [20170705-22:14:56.931] thr=1   paramiko.transport: Authentication (publickey) successful!
DEB [20170705-22:14:56.932] thr=2   paramiko.transport: [chan 0] Max packet in: 32768 bytes
DEB [20170705-22:14:57.755] thr=3   paramiko.transport: Received global request "hostkeys-00@openssh.com"
DEB [20170705-22:14:57.755] thr=3   paramiko.transport: Rejecting "hostkeys-00@openssh.com" global request from server.
DEB [20170705-22:14:57.910] thr=1   paramiko.transport: Received global request "hostkeys-00@openssh.com"
DEB [20170705-22:14:57.911] thr=1   paramiko.transport: Rejecting "hostkeys-00@openssh.com" global request from server.
DEB [20170705-22:14:57.911] thr=1   paramiko.transport: [chan 0] Max packet out: 32768 bytes
DEB [20170705-22:14:57.912] thr=1   paramiko.transport: Secsh channel 0 opened.
DEB [20170705-22:14:57.913] thr=2   paramiko.transport: [chan 1] Max packet in: 32768 bytes
DEB [20170705-22:14:57.936] thr=1   paramiko.transport: [chan 1] Max packet out: 32768 bytes
DEB [20170705-22:14:57.937] thr=1   paramiko.transport: Secsh channel 1 opened.
DEB [20170705-22:14:57.961] thr=1   paramiko.transport: [chan 1] Sesch channel 1 request ok
INF [20170705-22:14:57.984] thr=2   paramiko.transport.sftp: [chan 1] Opened sftp connection (server version 3)
DEB [20170705-22:14:57.986] thr=2   paramiko.transport: [chan 0] EOF sent (0)
DEB [20170705-22:14:58.072] thr=1   paramiko.transport: [chan 1] EOF sent (1)
DEB [20170705-22:14:58.073] thr=1   paramiko.transport: Ignoring message for dead channel 0
DEB [20170705-22:14:58.095] thr=1   paramiko.transport: Ignoring message for dead channel 1
DEB [20170705-22:14:58.097] thr=1   paramiko.transport: Ignoring message for dead channel 1
DEB [20170705-22:14:58.097] thr=1   paramiko.transport: Ignoring message for dead channel 1
DEB [20170705-22:14:59.636] thr=3   paramiko.transport: EOF in transport thread
DEB [20170705-22:14:59.637] thr=1   paramiko.transport: EOF in transport thread
DEB [20170705-22:16:56.016] thr=1   paramiko.transport: starting thread (client mode): 0x433a330
DEB [20170705-22:16:56.017] thr=1   paramiko.transport: Local version/idstring: SSH-2.0-paramiko_2.2.1
DEB [20170705-22:16:56.066] thr=1   paramiko.transport: Remote version/idstring: SSH-2.0-OpenSSH_7.4p1 Ubuntu-10
INF [20170705-22:16:56.067] thr=1   paramiko.transport: Connected (version 2.0, client OpenSSH_7.4p1)
DEB [20170705-22:16:56.090] thr=1   paramiko.transport: kex algos:['curve25519-sha256', 'curve25519-sha256@libssh.org', 'ecdh-sha2-nistp256', 'ecdh-sha2-nistp384', 'ecdh-sha2-nistp521', 'diffie-hellman-group-exchange-sha256', 'diffie-hellman-group16-sha512', 'diffie-hellman-group18-sha512', 'diffie-hellman-group14-sha256', 'diffie-hellman-group14-sha1'] server key:['ssh-rsa', 'rsa-sha2-512', 'rsa-sha2-256', 'ecdsa-sha2-nistp256', 'ssh-ed25519'] client encrypt:['chacha20-poly1305@openssh.com', 'aes128-ctr', 'aes192-ctr', 'aes256-ctr', 'aes128-gcm@openssh.com', 'aes256-gcm@openssh.com'] server encrypt:['chacha20-poly1305@openssh.com', 'aes128-ctr', 'aes192-ctr', 'aes256-ctr', 'aes128-gcm@openssh.com', 'aes256-gcm@openssh.com'] client mac:['umac-64-etm@openssh.com', 'umac-128-etm@openssh.com', 'hmac-sha2-256-etm@openssh.com', 'hmac-sha2-512-etm@openssh.com', 'hmac-sha1-etm@openssh.com', 'umac-64@openssh.com', 'umac-128@openssh.com', 'hmac-sha2-256', 'hmac-sha2-512', 'hmac-sha1'] server mac:['umac-64-etm@openssh.com', 'umac-128-etm@openssh.com', 'hmac-sha2-256-etm@openssh.com', 'hmac-sha2-512-etm@openssh.com', 'hmac-sha1-etm@openssh.com', 'umac-64@openssh.com', 'umac-128@openssh.com', 'hmac-sha2-256', 'hmac-sha2-512', 'hmac-sha1'] client compress:['none', 'zlib@openssh.com'] server compress:['none', 'zlib@openssh.com'] client lang:[''] server lang:[''] kex follows?False
DEB [20170705-22:16:56.091] thr=1   paramiko.transport: Kex agreed: ecdh-sha2-nistp256
DEB [20170705-22:16:56.091] thr=1   paramiko.transport: HostKey agreed: ssh-ed25519
DEB [20170705-22:16:56.091] thr=1   paramiko.transport: Cipher agreed: aes128-ctr
DEB [20170705-22:16:56.092] thr=1   paramiko.transport: MAC agreed: hmac-sha2-256
DEB [20170705-22:16:56.092] thr=1   paramiko.transport: Compression agreed: none
DEB [20170705-22:16:56.127] thr=1   paramiko.transport: kex engine KexNistp256 specified hash_algo <built-in function openssl_sha256>
DEB [20170705-22:16:56.128] thr=1   paramiko.transport: Switch to new keys ...
DEB [20170705-22:16:56.129] thr=2   paramiko.transport: Attempting public-key auth...
DEB [20170705-22:16:56.213] thr=1   paramiko.transport: userauth is OK
INF [20170705-22:16:56.264] thr=1   paramiko.transport: Authentication (publickey) successful!
DEB [20170705-22:16:56.266] thr=2   paramiko.transport: [chan 0] Max packet in: 32768 bytes
DEB [20170705-22:16:57.065] thr=1   paramiko.transport: Received global request "hostkeys-00@openssh.com"
DEB [20170705-22:16:57.066] thr=1   paramiko.transport: Rejecting "hostkeys-00@openssh.com" global request from server.
DEB [20170705-22:16:57.127] thr=1   paramiko.transport: [chan 0] Max packet out: 32768 bytes
DEB [20170705-22:16:57.128] thr=1   paramiko.transport: Secsh channel 0 opened.
DEB [20170705-22:16:57.129] thr=2   paramiko.transport: [chan 1] Max packet in: 32768 bytes
DEB [20170705-22:16:57.151] thr=1   paramiko.transport: [chan 1] Max packet out: 32768 bytes
DEB [20170705-22:16:57.151] thr=1   paramiko.transport: Secsh channel 1 opened.
DEB [20170705-22:16:57.174] thr=1   paramiko.transport: [chan 1] Sesch channel 1 request ok
INF [20170705-22:16:57.198] thr=2   paramiko.transport.sftp: [chan 1] Opened sftp connection (server version 3)
DEB [20170705-22:16:57.199] thr=2   paramiko.transport.sftp: [chan 1] open(b'/./app.js', 'wb')
DEB [20170705-22:16:57.219] thr=3   paramiko.transport: Received global request "hostkeys-00@openssh.com"
DEB [20170705-22:16:57.219] thr=3   paramiko.transport: Rejecting "hostkeys-00@openssh.com" global request from server.
DEB [20170705-22:16:57.226] thr=2   paramiko.transport.sftp: [chan 1] open(b'/./app.js', 'wb') -> b'00000000'
DEB [20170705-22:16:57.227] thr=2   paramiko.transport.sftp: [chan 1] close(b'00000000')
DEB [20170705-22:16:57.302] thr=2   paramiko.transport.sftp: [chan 1] stat(b'/./app.js')
INF [20170705-22:16:57.561] thr=2   paramiko.transport.sftp: [chan 1] sftp session closed.
DEB [20170705-22:16:57.562] thr=2   paramiko.transport: [chan 1] EOF sent (1)
DEB [20170705-22:16:57.563] thr=1   paramiko.transport: EOF in transport thread
DEB [20170705-22:16:57.570] thr=3   paramiko.transport: EOF in transport thread
DEB [20170705-22:20:44.464] thr=1   paramiko.transport: starting thread (client mode): 0x43c9330
DEB [20170705-22:20:44.466] thr=1   paramiko.transport: Local version/idstring: SSH-2.0-paramiko_2.2.1
DEB [20170705-22:20:44.529] thr=1   paramiko.transport: Remote version/idstring: SSH-2.0-OpenSSH_7.4p1 Ubuntu-10
INF [20170705-22:20:44.530] thr=1   paramiko.transport: Connected (version 2.0, client OpenSSH_7.4p1)
DEB [20170705-22:20:44.552] thr=1   paramiko.transport: kex algos:['curve25519-sha256', 'curve25519-sha256@libssh.org', 'ecdh-sha2-nistp256', 'ecdh-sha2-nistp384', 'ecdh-sha2-nistp521', 'diffie-hellman-group-exchange-sha256', 'diffie-hellman-group16-sha512', 'diffie-hellman-group18-sha512', 'diffie-hellman-group14-sha256', 'diffie-hellman-group14-sha1'] server key:['ssh-rsa', 'rsa-sha2-512', 'rsa-sha2-256', 'ecdsa-sha2-nistp256', 'ssh-ed25519'] client encrypt:['chacha20-poly1305@openssh.com', 'aes128-ctr', 'aes192-ctr', 'aes256-ctr', 'aes128-gcm@openssh.com', 'aes256-gcm@openssh.com'] server encrypt:['chacha20-poly1305@openssh.com', 'aes128-ctr', 'aes192-ctr', 'aes256-ctr', 'aes128-gcm@openssh.com', 'aes256-gcm@openssh.com'] client mac:['umac-64-etm@openssh.com', 'umac-128-etm@openssh.com', 'hmac-sha2-256-etm@openssh.com', 'hmac-sha2-512-etm@openssh.com', 'hmac-sha1-etm@openssh.com', 'umac-64@openssh.com', 'umac-128@openssh.com', 'hmac-sha2-256', 'hmac-sha2-512', 'hmac-sha1'] server mac:['umac-64-etm@openssh.com', 'umac-128-etm@openssh.com', 'hmac-sha2-256-etm@openssh.com', 'hmac-sha2-512-etm@openssh.com', 'hmac-sha1-etm@openssh.com', 'umac-64@openssh.com', 'umac-128@openssh.com', 'hmac-sha2-256', 'hmac-sha2-512', 'hmac-sha1'] client compress:['none', 'zlib@openssh.com'] server compress:['none', 'zlib@openssh.com'] client lang:[''] server lang:[''] kex follows?False
DEB [20170705-22:20:44.553] thr=1   paramiko.transport: Kex agreed: ecdh-sha2-nistp256
DEB [20170705-22:20:44.553] thr=1   paramiko.transport: HostKey agreed: ssh-ed25519
DEB [20170705-22:20:44.553] thr=1   paramiko.transport: Cipher agreed: aes128-ctr
DEB [20170705-22:20:44.554] thr=1   paramiko.transport: MAC agreed: hmac-sha2-256
DEB [20170705-22:20:44.554] thr=1   paramiko.transport: Compression agreed: none
DEB [20170705-22:20:44.663] thr=1   paramiko.transport: kex engine KexNistp256 specified hash_algo <built-in function openssl_sha256>
DEB [20170705-22:20:44.664] thr=1   paramiko.transport: Switch to new keys ...
DEB [20170705-22:20:44.666] thr=2   paramiko.transport: Attempting public-key auth...
DEB [20170705-22:20:44.709] thr=1   paramiko.transport: userauth is OK
INF [20170705-22:20:44.790] thr=1   paramiko.transport: Authentication (publickey) successful!
DEB [20170705-22:20:44.791] thr=2   paramiko.transport: [chan 0] Max packet in: 32768 bytes
DEB [20170705-22:20:45.736] thr=1   paramiko.transport: Received global request "hostkeys-00@openssh.com"
DEB [20170705-22:20:45.736] thr=1   paramiko.transport: Rejecting "hostkeys-00@openssh.com" global request from server.
DEB [20170705-22:20:45.797] thr=1   paramiko.transport: [chan 0] Max packet out: 32768 bytes
DEB [20170705-22:20:45.798] thr=1   paramiko.transport: Secsh channel 0 opened.
DEB [20170705-22:20:45.798] thr=2   paramiko.transport: [chan 1] Max packet in: 32768 bytes
DEB [20170705-22:20:45.820] thr=1   paramiko.transport: [chan 1] Max packet out: 32768 bytes
DEB [20170705-22:20:45.821] thr=1   paramiko.transport: Secsh channel 1 opened.
DEB [20170705-22:20:45.845] thr=1   paramiko.transport: [chan 1] Sesch channel 1 request ok
INF [20170705-22:20:45.868] thr=2   paramiko.transport.sftp: [chan 1] Opened sftp connection (server version 3)
DEB [20170705-22:20:45.869] thr=2   paramiko.transport.sftp: [chan 1] open(b'/./app.js', 'wb')
DEB [20170705-22:20:45.893] thr=2   paramiko.transport.sftp: [chan 1] open(b'/./app.js', 'wb') -> b'00000000'
DEB [20170705-22:20:45.895] thr=2   paramiko.transport.sftp: [chan 1] close(b'00000000')
DEB [20170705-22:20:45.940] thr=2   paramiko.transport.sftp: [chan 1] stat(b'/./app.js')
DEB [20170705-22:20:45.958] thr=3   paramiko.transport: Received global request "hostkeys-00@openssh.com"
DEB [20170705-22:20:45.959] thr=3   paramiko.transport: Rejecting "hostkeys-00@openssh.com" global request from server.
INF [20170705-22:20:45.964] thr=2   paramiko.transport.sftp: [chan 1] sftp session closed.
DEB [20170705-22:20:45.964] thr=2   paramiko.transport: [chan 1] EOF sent (1)
DEB [20170705-22:20:45.965] thr=1   paramiko.transport: EOF in transport thread
DEB [20170705-22:20:45.967] thr=2   paramiko.transport: [chan 0] Max packet in: 32768 bytes
DEB [20170705-22:20:46.101] thr=3   paramiko.transport: [chan 0] Max packet out: 32768 bytes
DEB [20170705-22:20:46.101] thr=3   paramiko.transport: Secsh channel 0 opened.
DEB [20170705-22:20:46.141] thr=3   paramiko.transport: [chan 0] Sesch channel 0 request ok
DEB [20170705-22:20:59.864] thr=3   paramiko.transport: [chan 0] EOF received (0)
DEB [20170705-22:20:59.864] thr=2   paramiko.transport: [chan 1] Max packet in: 32768 bytes
DEB [20170705-22:20:59.866] thr=3   paramiko.transport: [chan 0] EOF sent (0)
DEB [20170705-22:20:59.888] thr=3   paramiko.transport: [chan 1] Max packet out: 32768 bytes
DEB [20170705-22:20:59.889] thr=3   paramiko.transport: Secsh channel 1 opened.
DEB [20170705-22:20:59.982] thr=3   paramiko.transport: [chan 1] Sesch channel 1 request ok
DEB [20170705-22:20:59.987] thr=3   paramiko.transport: [chan 1] EOF received (1)
DEB [20170705-22:20:59.988] thr=2   paramiko.transport: [chan 2] Max packet in: 32768 bytes
DEB [20170705-22:20:59.989] thr=3   paramiko.transport: [chan 1] EOF sent (1)
DEB [20170705-22:21:00.019] thr=3   paramiko.transport: [chan 2] Max packet out: 32768 bytes
DEB [20170705-22:21:00.019] thr=3   paramiko.transport: Secsh channel 2 opened.
DEB [20170705-22:21:00.110] thr=3   paramiko.transport: [chan 2] Sesch channel 2 request ok
DEB [20170705-22:21:00.112] thr=3   paramiko.transport: [chan 2] EOF received (2)
DEB [20170705-22:21:00.113] thr=2   paramiko.transport: [chan 3] Max packet in: 32768 bytes
DEB [20170705-22:21:00.115] thr=3   paramiko.transport: [chan 2] EOF sent (2)
DEB [20170705-22:21:00.135] thr=3   paramiko.transport: [chan 3] Max packet out: 32768 bytes
DEB [20170705-22:21:00.136] thr=3   paramiko.transport: Secsh channel 3 opened.
DEB [20170705-22:21:00.224] thr=3   paramiko.transport: [chan 3] Sesch channel 3 request ok
DEB [20170705-22:21:08.057] thr=3   paramiko.transport: [chan 3] EOF received (3)
DEB [20170705-22:21:08.058] thr=2   paramiko.transport: [chan 4] Max packet in: 32768 bytes
DEB [20170705-22:21:08.060] thr=3   paramiko.transport: [chan 3] EOF sent (3)
DEB [20170705-22:21:08.096] thr=3   paramiko.transport: [chan 4] Max packet out: 32768 bytes
DEB [20170705-22:21:08.097] thr=3   paramiko.transport: Secsh channel 4 opened.
DEB [20170705-22:21:08.189] thr=3   paramiko.transport: [chan 4] Sesch channel 4 request ok
DEB [20170705-22:21:08.255] thr=3   paramiko.transport: [chan 4] EOF received (4)
DEB [20170705-22:21:08.256] thr=2   paramiko.transport: [chan 5] Max packet in: 32768 bytes
DEB [20170705-22:21:08.257] thr=3   paramiko.transport: [chan 4] EOF sent (4)
DEB [20170705-22:21:08.281] thr=3   paramiko.transport: [chan 5] Max packet out: 32768 bytes
DEB [20170705-22:21:08.281] thr=3   paramiko.transport: Secsh channel 5 opened.
DEB [20170705-22:21:08.369] thr=3   paramiko.transport: [chan 5] Sesch channel 5 request ok
DEB [20170705-22:21:08.510] thr=3   paramiko.transport: [chan 5] EOF received (5)
