DEB [20170705-22:49:40.447] thr=1   paramiko.transport: starting thread (client mode): 0x4ce5210
DEB [20170705-22:49:40.448] thr=1   paramiko.transport: Local version/idstring: SSH-2.0-paramiko_2.2.1
DEB [20170705-22:49:40.488] thr=1   paramiko.transport: Remote version/idstring: SSH-2.0-OpenSSH_7.4p1 Ubuntu-10
INF [20170705-22:49:40.488] thr=1   paramiko.transport: Connected (version 2.0, client OpenSSH_7.4p1)
DEB [20170705-22:49:40.519] thr=1   paramiko.transport: kex algos:['curve25519-sha256', 'curve25519-sha256@libssh.org', 'ecdh-sha2-nistp256', 'ecdh-sha2-nistp384', 'ecdh-sha2-nistp521', 'diffie-hellman-group-exchange-sha256', 'diffie-hellman-group16-sha512', 'diffie-hellman-group18-sha512', 'diffie-hellman-group14-sha256', 'diffie-hellman-group14-sha1'] server key:['ssh-rsa', 'rsa-sha2-512', 'rsa-sha2-256', 'ecdsa-sha2-nistp256', 'ssh-ed25519'] client encrypt:['chacha20-poly1305@openssh.com', 'aes128-ctr', 'aes192-ctr', 'aes256-ctr', 'aes128-gcm@openssh.com', 'aes256-gcm@openssh.com'] server encrypt:['chacha20-poly1305@openssh.com', 'aes128-ctr', 'aes192-ctr', 'aes256-ctr', 'aes128-gcm@openssh.com', 'aes256-gcm@openssh.com'] client mac:['umac-64-etm@openssh.com', 'umac-128-etm@openssh.com', 'hmac-sha2-256-etm@openssh.com', 'hmac-sha2-512-etm@openssh.com', 'hmac-sha1-etm@openssh.com', 'umac-64@openssh.com', 'umac-128@openssh.com', 'hmac-sha2-256', 'hmac-sha2-512', 'hmac-sha1'] server mac:['umac-64-etm@openssh.com', 'umac-128-etm@openssh.com', 'hmac-sha2-256-etm@openssh.com', 'hmac-sha2-512-etm@openssh.com', 'hmac-sha1-etm@openssh.com', 'umac-64@openssh.com', 'umac-128@openssh.com', 'hmac-sha2-256', 'hmac-sha2-512', 'hmac-sha1'] client compress:['none', 'zlib@openssh.com'] server compress:['none', 'zlib@openssh.com'] client lang:[''] server lang:[''] kex follows?False
DEB [20170705-22:49:40.526] thr=1   paramiko.transport: Kex agreed: ecdh-sha2-nistp256
DEB [20170705-22:49:40.526] thr=1   paramiko.transport: HostKey agreed: ssh-ed25519
DEB [20170705-22:49:40.527] thr=1   paramiko.transport: Cipher agreed: aes128-ctr
DEB [20170705-22:49:40.527] thr=1   paramiko.transport: MAC agreed: hmac-sha2-256
DEB [20170705-22:49:40.527] thr=1   paramiko.transport: Compression agreed: none
DEB [20170705-22:49:40.563] thr=1   paramiko.transport: kex engine KexNistp256 specified hash_algo <built-in function openssl_sha256>
DEB [20170705-22:49:40.564] thr=1   paramiko.transport: Switch to new keys ...
DEB [20170705-22:49:40.565] thr=2   paramiko.transport: Attempting public-key auth...
DEB [20170705-22:49:40.651] thr=1   paramiko.transport: userauth is OK
INF [20170705-22:49:40.704] thr=1   paramiko.transport: Authentication (publickey) successful!
DEB [20170705-22:49:40.705] thr=2   paramiko.transport: [chan 0] Max packet in: 32768 bytes
DEB [20170705-22:49:41.484] thr=1   paramiko.transport: Received global request "hostkeys-00@openssh.com"
DEB [20170705-22:49:41.484] thr=1   paramiko.transport: Rejecting "hostkeys-00@openssh.com" global request from server.
DEB [20170705-22:49:41.545] thr=1   paramiko.transport: [chan 0] Max packet out: 32768 bytes
DEB [20170705-22:49:41.545] thr=1   paramiko.transport: Secsh channel 0 opened.
DEB [20170705-22:49:41.547] thr=2   paramiko.transport: [chan 1] Max packet in: 32768 bytes
DEB [20170705-22:49:41.569] thr=1   paramiko.transport: [chan 1] Max packet out: 32768 bytes
DEB [20170705-22:49:41.570] thr=1   paramiko.transport: Secsh channel 1 opened.
DEB [20170705-22:49:41.595] thr=1   paramiko.transport: [chan 1] Sesch channel 1 request ok
DEB [20170705-22:49:41.601] thr=3   paramiko.transport: Received global request "hostkeys-00@openssh.com"
DEB [20170705-22:49:41.601] thr=3   paramiko.transport: Rejecting "hostkeys-00@openssh.com" global request from server.
INF [20170705-22:49:41.627] thr=2   paramiko.transport.sftp: [chan 1] Opened sftp connection (server version 3)
DEB [20170705-22:49:41.628] thr=2   paramiko.transport.sftp: [chan 1] open(b'/./app.js', 'wb')
DEB [20170705-22:49:41.651] thr=2   paramiko.transport.sftp: [chan 1] open(b'/./app.js', 'wb') -> b'00000000'
DEB [20170705-22:49:41.652] thr=2   paramiko.transport.sftp: [chan 1] close(b'00000000')
DEB [20170705-22:49:41.704] thr=2   paramiko.transport.sftp: [chan 1] stat(b'/./app.js')
INF [20170705-22:49:41.727] thr=2   paramiko.transport.sftp: [chan 1] sftp session closed.
DEB [20170705-22:49:41.727] thr=2   paramiko.transport: [chan 1] EOF sent (1)
DEB [20170705-22:49:41.728] thr=1   paramiko.transport: EOF in transport thread
DEB [20170705-22:49:41.730] thr=2   paramiko.transport: [chan 0] Max packet in: 32768 bytes
DEB [20170705-22:49:41.754] thr=3   paramiko.transport: [chan 0] Max packet out: 32768 bytes
DEB [20170705-22:49:41.754] thr=3   paramiko.transport: Secsh channel 0 opened.
DEB [20170705-22:49:41.778] thr=3   paramiko.transport: [chan 0] Sesch channel 0 request ok
DEB [20170705-22:49:51.122] thr=3   paramiko.transport: [chan 0] EOF received (0)
DEB [20170705-22:49:51.123] thr=2   paramiko.transport: [chan 1] Max packet in: 32768 bytes
DEB [20170705-22:49:51.124] thr=3   paramiko.transport: [chan 0] EOF sent (0)
DEB [20170705-22:49:51.144] thr=3   paramiko.transport: [chan 1] Max packet out: 32768 bytes
DEB [20170705-22:49:51.145] thr=3   paramiko.transport: Secsh channel 1 opened.
DEB [20170705-22:49:51.230] thr=3   paramiko.transport: [chan 1] Sesch channel 1 request ok
DEB [20170705-22:49:51.233] thr=3   paramiko.transport: [chan 1] EOF received (1)
DEB [20170705-22:49:51.234] thr=2   paramiko.transport: [chan 2] Max packet in: 32768 bytes
DEB [20170705-22:49:51.235] thr=3   paramiko.transport: [chan 1] EOF sent (1)
DEB [20170705-22:49:51.259] thr=3   paramiko.transport: [chan 2] Max packet out: 32768 bytes
DEB [20170705-22:49:51.259] thr=3   paramiko.transport: Secsh channel 2 opened.
DEB [20170705-22:49:51.346] thr=3   paramiko.transport: [chan 2] Sesch channel 2 request ok
DEB [20170705-22:49:51.347] thr=3   paramiko.transport: [chan 2] EOF received (2)
DEB [20170705-22:49:51.348] thr=2   paramiko.transport: [chan 3] Max packet in: 32768 bytes
DEB [20170705-22:49:51.349] thr=3   paramiko.transport: [chan 2] EOF sent (2)
DEB [20170705-22:49:51.372] thr=3   paramiko.transport: [chan 3] Max packet out: 32768 bytes
DEB [20170705-22:49:51.372] thr=3   paramiko.transport: Secsh channel 3 opened.
DEB [20170705-22:49:51.454] thr=3   paramiko.transport: [chan 3] Sesch channel 3 request ok
DEB [20170705-22:49:55.597] thr=3   paramiko.transport: [chan 3] EOF received (3)
DEB [20170705-22:49:55.598] thr=2   paramiko.transport: [chan 4] Max packet in: 32768 bytes
DEB [20170705-22:49:55.599] thr=3   paramiko.transport: [chan 3] EOF sent (3)
DEB [20170705-22:49:55.621] thr=3   paramiko.transport: [chan 4] Max packet out: 32768 bytes
DEB [20170705-22:49:55.621] thr=3   paramiko.transport: Secsh channel 4 opened.
DEB [20170705-22:49:55.706] thr=3   paramiko.transport: [chan 4] Sesch channel 4 request ok
DEB [20170705-22:49:55.771] thr=3   paramiko.transport: [chan 4] EOF received (4)
DEB [20170705-22:49:55.772] thr=2   paramiko.transport: [chan 5] Max packet in: 32768 bytes
DEB [20170705-22:49:55.773] thr=3   paramiko.transport: [chan 4] EOF sent (4)
DEB [20170705-22:49:55.797] thr=3   paramiko.transport: [chan 5] Max packet out: 32768 bytes
DEB [20170705-22:49:55.797] thr=3   paramiko.transport: Secsh channel 5 opened.
DEB [20170705-22:49:55.882] thr=3   paramiko.transport: [chan 5] Sesch channel 5 request ok
DEB [20170705-22:49:55.979] thr=3   paramiko.transport: [chan 5] EOF received (5)
